2025-04-05 03:24:11 INFO  WebPortalTestListeners:35 - Test suite execution started...
2025-04-05 03:24:11 INFO  WebPropertyUtils:21 - Loading the Properties File...
2025-04-05 03:24:11 INFO  WebPortalTestListeners:38 - Browser: chrome | Run Mode: local
2025-04-05 03:24:11 INFO  WebBaseTest:27 - Browser Manager has been initiated.
2025-04-05 03:24:20 INFO  WebBaseTest:35 - Browser has been set.
2025-04-05 03:24:20 INFO  WebBaseTest:44 - Browser has been destroyed.
2025-04-05 03:24:20 INFO  WebBaseTest:54 - Enabling OTP in LSG environment started...
2025-04-05 03:24:20 INFO  WebPortalTestListeners:43 - Test suite execution completed.
2025-04-05 03:25:03 INFO  WebPortalTestListeners:35 - Test suite execution started...
2025-04-05 03:25:03 INFO  WebPropertyUtils:21 - Loading the Properties File...
2025-04-05 03:25:03 INFO  WebPortalTestListeners:38 - Browser: chrome | Run Mode: local
2025-04-05 03:25:04 INFO  WebBaseTest:27 - Browser Manager has been initiated.
2025-04-05 03:25:10 INFO  WebBaseTest:35 - Browser has been set.
2025-04-05 03:25:11 INFO  WebBaseTest:44 - Browser has been destroyed.
2025-04-05 03:25:11 INFO  WebBaseTest:54 - Enabling OTP in LSG environment started...
2025-04-05 03:25:11 INFO  WebPortalTestListeners:43 - Test suite execution completed.
2025-04-05 03:25:44 INFO  WebBaseTest:27 - Browser Manager has been initiated.
2025-04-05 03:25:50 INFO  WebPropertyUtils:21 - Loading the Properties File...
2025-04-05 03:25:52 INFO  WebBaseTest:35 - Browser has been set.
2025-04-05 03:25:53 INFO  WebBaseTest:44 - Browser has been destroyed.
2025-04-05 03:25:53 INFO  WebBaseTest:54 - Enabling OTP in LSG environment started...
2025-04-05 03:26:29 INFO  WebBaseTest:27 - Browser Manager has been initiated.
2025-04-05 03:26:33 INFO  WebPropertyUtils:21 - Loading the Properties File...
2025-04-05 03:26:36 INFO  WebBaseTest:35 - Browser has been set.
2025-04-05 03:26:36 INFO  OrangeHrmBaseTest:20 - Finance Center Thread id in BeforeMethod for the test method : testLogin is 1.
2025-04-05 03:26:39 INFO  OrangeHrmBaseTest:33 - Orange Hrm Portal Thread id in AfterMethod for the test method :testLogin is 1.
2025-04-05 03:26:39 INFO  WebBaseTest:44 - Browser has been destroyed.
2025-04-05 03:26:39 INFO  WebBaseTest:54 - Enabling OTP in LSG environment started...
2025-04-05 03:29:16 INFO  WebBaseTest:27 - Browser Manager has been initiated.
2025-04-05 03:29:20 INFO  WebPropertyUtils:21 - Loading the Properties File...
2025-04-05 03:29:23 INFO  WebBaseTest:35 - Browser has been set.
2025-04-05 03:29:23 INFO  OrangeHrmBaseTest:20 - Finance Center Thread id in BeforeMethod for the test method : testLogin is 1.
2025-04-05 03:30:30 INFO  WebBaseTest:27 - Browser Manager has been initiated.
2025-04-05 03:30:34 INFO  WebPropertyUtils:21 - Loading the Properties File...
2025-04-05 03:30:36 INFO  WebBaseTest:35 - Browser has been set.
2025-04-05 03:30:36 INFO  OrangeHrmBaseTest:20 - Finance Center Thread id in BeforeMethod for the test method : testLogin is 1.
2025-04-05 03:44:11 INFO  WebPortalTestListeners:35 - Test suite execution started...
2025-04-05 03:44:11 INFO  WebPropertyUtils:21 - Loading the Properties File...
2025-04-05 03:44:11 INFO  WebPortalTestListeners:38 - Browser: chrome | Run Mode: local
2025-04-05 03:44:11 INFO  WebBaseTest:27 - Browser Manager has been initiated.
2025-04-05 03:44:18 INFO  WebBaseTest:35 - Browser has been set.
2025-04-05 03:44:18 INFO  OrangeHrmBaseTest:20 - Finance Center Thread id in BeforeMethod for the test method : testHomePage is 20.
2025-04-05 03:44:24 INFO  OrangeHrmBaseTest:33 - Orange Hrm Portal Thread id in AfterMethod for the test method :testHomePage is 20.
2025-04-05 03:44:24 INFO  WebBaseTest:44 - Browser has been destroyed.
2025-04-05 03:44:24 INFO  WebBaseTest:54 - Enabling OTP in LSG environment started...
2025-04-05 03:44:24 INFO  WebPortalTestListeners:43 - Test suite execution completed.
2025-04-05 03:45:40 INFO  WebPortalTestListeners:35 - Test suite execution started...
2025-04-05 03:45:40 INFO  WebPropertyUtils:21 - Loading the Properties File...
2025-04-05 03:45:40 INFO  WebPortalTestListeners:38 - Browser: chrome | Run Mode: local
2025-04-05 03:45:40 INFO  WebBaseTest:27 - Browser Manager has been initiated.
2025-04-05 03:45:46 INFO  WebBaseTest:35 - Browser has been set.
2025-04-05 03:45:46 INFO  OrangeHrmBaseTest:20 - Finance Center Thread id in BeforeMethod for the test method : testHomePage is 19.
2025-04-05 03:45:53 INFO  OrangeHrmBaseTest:33 - Orange Hrm Portal Thread id in AfterMethod for the test method :testHomePage is 19.
2025-04-05 03:45:53 INFO  WebBaseTest:44 - Browser has been destroyed.
2025-04-05 03:45:53 INFO  WebBaseTest:54 - Enabling OTP in LSG environment started...
2025-04-05 03:45:53 INFO  WebPortalTestListeners:43 - Test suite execution completed.
2025-04-06 01:37:11 INFO  WebPortalTestListeners:35 - Test suite execution started...
2025-04-06 01:37:11 INFO  WebPropertyUtils:21 - Loading the Properties File...
2025-04-06 01:37:11 INFO  WebPortalTestListeners:38 - Browser: chrome | Run Mode: headless
2025-04-06 01:37:11 INFO  WebBaseTest:27 - Browser Manager has been initiated.
2025-04-06 01:37:17 INFO  WebBaseTest:35 - Browser has been set.
2025-04-06 01:37:17 INFO  OrangeHrmBaseTest:20 - Finance Center Thread id in BeforeMethod for the test method : testHomePage is 19.
2025-04-06 01:37:24 INFO  OrangeHrmBaseTest:33 - Orange Hrm Portal Thread id in AfterMethod for the test method :testHomePage is 19.
2025-04-06 01:37:24 INFO  WebBaseTest:44 - Browser has been destroyed.
2025-04-06 01:37:24 INFO  WebBaseTest:54 - Enabling OTP in LSG environment started...
2025-04-06 01:37:24 INFO  WebPortalTestListeners:43 - Test suite execution completed.
